# JRE version: Java(TM) SE Runtime Environment (8.0_45-b15) (build 1.8.0_45-b15)
# Java VM: Java HotSpot(TM) 64-Bit Server VM (25.45-b02 mixed mode windows-amd64 compressed oops)
Heap:
 PSYoungGen      total 659456K, used 189466K [0x00000000d5f00000, 0x00000000ffe80000, 0x0000000100000000)
  eden space 631296K, 27% used [0x00000000d5f00000,0x00000000e098ac78,0x00000000fc780000)
  from space 28160K, 52% used [0x00000000fe300000,0x00000000ff17bcd8,0x00000000ffe80000)
  to   space 28160K, 0% used [0x00000000fc780000,0x00000000fc780000,0x00000000fe300000)
 ParOldGen       total 147968K, used 78938K [0x0000000081c00000, 0x000000008ac80000, 0x00000000d5f00000)
  object space 147968K, 53% used [0x0000000081c00000,0x0000000086916908,0x000000008ac80000)
 Metaspace       used 74180K, capacity 75451K, committed 75608K, reserved 1114112K
  class space    used 9997K, capacity 10229K, committed 10328K, reserved 1048576K
GC Heap History (10 events):
Event: 79.435 GC heap before
{Heap before GC invocations=15 (full 2):
 PSYoungGen      total 420864K, used 420855K [0x00000000d5f00000, 0x00000000f1880000, 0x0000000100000000)
  eden space 402944K, 100% used [0x00000000d5f00000,0x00000000ee880000,0x00000000ee880000)
  from space 17920K, 99% used [0x00000000f0700000,0x00000000f187dfd0,0x00000000f1880000)
  to   space 24064K, 0% used [0x00000000ee980000,0x00000000ee980000,0x00000000f0100000)
 ParOldGen       total 98816K, used 42307K [0x0000000081c00000, 0x0000000087c80000, 0x00000000d5f00000)
  object space 98816K, 42% used [0x0000000081c00000,0x0000000084550e78,0x0000000087c80000)
 Metaspace       used 57930K, capacity 58890K, committed 59096K, reserved 1099776K
  class space    used 7880K, capacity 8065K, committed 8152K, reserved 1048576K
Event: 79.508 GC heap after
Heap after GC invocations=15 (full 2):
 PSYoungGen      total 428032K, used 22158K [0x00000000d5f00000, 0x00000000f7d00000, 0x0000000100000000)
  eden space 403968K, 0% used [0x00000000d5f00000,0x00000000d5f00000,0x00000000ee980000)
  from space 24064K, 92% used [0x00000000ee980000,0x00000000eff238d8,0x00000000f0100000)
  to   space 27136K, 0% used [0x00000000f6280000,0x00000000f6280000,0x00000000f7d00000)
 ParOldGen       total 98816K, used 55404K [0x0000000081c00000, 0x0000000087c80000, 0x00000000d5f00000)
  object space 98816K, 56% used [0x0000000081c00000,0x000000008521b370,0x0000000087c80000)
 Metaspace       used 57930K, capacity 58890K, committed 59096K, reserved 1099776K
  class space    used 7880K, capacity 8065K, committed 8152K, reserved 1048576K
}
Event: 79.691 GC heap before
{Heap before GC invocations=16 (full 2):
 PSYoungGen      total 428032K, used 35719K [0x00000000d5f00000, 0x00000000f7d00000, 0x0000000100000000)
  eden space 403968K, 3% used [0x00000000d5f00000,0x00000000d6c3e438,0x00000000ee980000)
  from space 24064K, 92% used [0x00000000ee980000,0x00000000eff238d8,0x00000000f0100000)
  to   space 27136K, 0% used [0x00000000f6280000,0x00000000f6280000,0x00000000f7d00000)
 ParOldGen       total 98816K, used 55404K [0x0000000081c00000, 0x0000000087c80000, 0x00000000d5f00000)
  object space 98816K, 56% used [0x0000000081c00000,0x000000008521b370,0x0000000087c80000)
 Metaspace       used 58013K, capacity 58960K, committed 59096K, reserved 1099776K
  class space    used 7884K, capacity 8066K, committed 8152K, reserved 1048576K
Event: 79.728 GC heap after
Heap after GC invocations=16 (full 2):
 PSYoungGen      total 526848K, used 18466K [0x00000000d5f00000, 0x00000000fb600000, 0x0000000100000000)
  eden space 499712K, 0% used [0x00000000d5f00000,0x00000000d5f00000,0x00000000f4700000)
  from space 27136K, 68% used [0x00000000f6280000,0x00000000f74888c0,0x00000000f7d00000)
  to   space 28160K, 0% used [0x00000000f4700000,0x00000000f4700000,0x00000000f6280000)
 ParOldGen       total 98816K, used 55412K [0x0000000081c00000, 0x0000000087c80000, 0x00000000d5f00000)
  object space 98816K, 56% used [0x0000000081c00000,0x000000008521d370,0x0000000087c80000)
 Metaspace       used 58013K, capacity 58960K, committed 59096K, reserved 1099776K
  class space    used 7884K, capacity 8066K, committed 8152K, reserved 1048576K
}
Event: 79.728 GC heap before
{Heap before GC invocations=17 (full 3):
 PSYoungGen      total 526848K, used 18466K [0x00000000d5f00000, 0x00000000fb600000, 0x0000000100000000)
  eden space 499712K, 0% used [0x00000000d5f00000,0x00000000d5f00000,0x00000000f4700000)
  from space 27136K, 68% used [0x00000000f6280000,0x00000000f74888c0,0x00000000f7d00000)
  to   space 28160K, 0% used [0x00000000f4700000,0x00000000f4700000,0x00000000f6280000)
 ParOldGen       total 98816K, used 55412K [0x0000000081c00000, 0x0000000087c80000, 0x00000000d5f00000)
  object space 98816K, 56% used [0x0000000081c00000,0x000000008521d370,0x0000000087c80000)
 Metaspace       used 58013K, capacity 58960K, committed 59096K, reserved 1099776K
  class space    used 7884K, capacity 8066K, committed 8152K, reserved 1048576K
Event: 80.448 GC heap after
Heap after GC invocations=17 (full 3):
 PSYoungGen      total 526848K, used 0K [0x00000000d5f00000, 0x00000000fb600000, 0x0000000100000000)
  eden space 499712K, 0% used [0x00000000d5f00000,0x00000000d5f00000,0x00000000f4700000)
  from space 27136K, 0% used [0x00000000f6280000,0x00000000f6280000,0x00000000f7d00000)
  to   space 28160K, 0% used [0x00000000f4700000,0x00000000f4700000,0x00000000f6280000)
 ParOldGen       total 147968K, used 64034K [0x0000000081c00000, 0x000000008ac80000, 0x00000000d5f00000)
  object space 147968K, 43% used [0x0000000081c00000,0x0000000085a88b18,0x000000008ac80000)
 Metaspace       used 58013K, capacity 58960K, committed 59096K, reserved 1099776K
  class space    used 7884K, capacity 8066K, committed 8152K, reserved 1048576K
}
Event: 87.441 GC heap before
{Heap before GC invocations=18 (full 3):
 PSYoungGen      total 526848K, used 499712K [0x00000000d5f00000, 0x00000000fb600000, 0x0000000100000000)
  eden space 499712K, 100% used [0x00000000d5f00000,0x00000000f4700000,0x00000000f4700000)
  from space 27136K, 0% used [0x00000000f6280000,0x00000000f6280000,0x00000000f7d00000)
  to   space 28160K, 0% used [0x00000000f4700000,0x00000000f4700000,0x00000000f6280000)
 ParOldGen       total 147968K, used 64034K [0x0000000081c00000, 0x000000008ac80000, 0x00000000d5f00000)
  object space 147968K, 43% used [0x0000000081c00000,0x0000000085a88b18,0x000000008ac80000)
 Metaspace       used 65208K, capacity 66204K, committed 66520K, reserved 1105920K
  class space    used 8870K, capacity 9076K, committed 9176K, reserved 1048576K
Event: 87.503 GC heap after
Heap after GC invocations=18 (full 3):
 PSYoungGen      total 527872K, used 20729K [0x00000000d5f00000, 0x0000000100000000, 0x0000000100000000)
  eden space 499712K, 0% used [0x00000000d5f00000,0x00000000d5f00000,0x00000000f4700000)
  from space 28160K, 73% used [0x00000000f4700000,0x00000000f5b3e730,0x00000000f6280000)
  to   space 29696K, 0% used [0x00000000fe300000,0x00000000fe300000,0x0000000100000000)
 ParOldGen       total 147968K, used 64042K [0x0000000081c00000, 0x000000008ac80000, 0x00000000d5f00000)
  object space 147968K, 43% used [0x0000000081c00000,0x0000000085a8ab18,0x000000008ac80000)
 Metaspace       used 65208K, capacity 66204K, committed 66520K, reserved 1105920K
  class space    used 8870K, capacity 9076K, committed 9176K, reserved 1048576K
}
Event: 93.316 GC heap before
{Heap before GC invocations=19 (full 3):
 PSYoungGen      total 527872K, used 520441K [0x00000000d5f00000, 0x0000000100000000, 0x0000000100000000)
  eden space 499712K, 100% used [0x00000000d5f00000,0x00000000f4700000,0x00000000f4700000)
  from space 28160K, 73% used [0x00000000f4700000,0x00000000f5b3e730,0x00000000f6280000)
  to   space 29696K, 0% used [0x00000000fe300000,0x00000000fe300000,0x0000000100000000)
 ParOldGen       total 147968K, used 64042K [0x0000000081c00000, 0x000000008ac80000, 0x00000000d5f00000)
  object space 147968K, 43% used [0x0000000081c00000,0x0000000085a8ab18,0x000000008ac80000)
 Metaspace       used 69240K, capacity 70390K, committed 70616K, reserved 1110016K
  class space    used 9423K, capacity 9651K, committed 9688K, reserved 1048576K
Event: 93.379 GC heap after
Heap after GC invocations=19 (full 3):
 PSYoungGen      total 659456K, used 14831K [0x00000000d5f00000, 0x00000000ffe80000, 0x0000000100000000)
  eden space 631296K, 0% used [0x00000000d5f00000,0x00000000d5f00000,0x00000000fc780000)
  from space 28160K, 52% used [0x00000000fe300000,0x00000000ff17bcd8,0x00000000ffe80000)
  to   space 28160K, 0% used [0x00000000fc780000,0x00000000fc780000,0x00000000fe300000)
 ParOldGen       total 147968K, used 78938K [0x0000000081c00000, 0x000000008ac80000, 0x00000000d5f00000)
  object space 147968K, 53% used [0x0000000081c00000,0x0000000086916908,0x000000008ac80000)
 Metaspace       used 69240K, capacity 70390K, committed 70616K, reserved 1110016K
  class space    used 9423K, capacity 9651K, committed 9688K, reserved 1048576K
}

